  main.cpp
C:\1. IAGO\0. Proyectos y códigos\2. GitHub\MinijuegoTanque\main.cpp(169,22): warning C4566: el carácter representado por el nombre de carácter universal '\u2705' no se puede representar en la página de códigos actual (1252)
C:\1. IAGO\0. Proyectos y códigos\2. GitHub\MinijuegoTanque\main.cpp(175,26): warning C4566: el carácter representado por el nombre de carácter universal '\u26A0' no se puede representar en la página de códigos actual (1252)
C:\1. IAGO\0. Proyectos y códigos\2. GitHub\MinijuegoTanque\main.cpp(175,26): warning C4566: el carácter representado por el nombre de carácter universal '\uFE0F' no se puede representar en la página de códigos actual (1252)
C:\1. IAGO\0. Proyectos y códigos\2. GitHub\MinijuegoTanque\main.cpp(179,22): warning C4566: el carácter representado por el nombre de carácter universal '\u274C' no se puede representar en la página de códigos actual (1252)
C:\1. IAGO\0. Proyectos y códigos\2. GitHub\MinijuegoTanque\main.cpp(936,108): warning C4305: 'argumento': truncamiento de 'double' a 'float'
C:\1. IAGO\0. Proyectos y códigos\2. GitHub\MinijuegoTanque\main.cpp(937,92): warning C4305: 'argumento': truncamiento de 'double' a 'float'
C:\1. IAGO\0. Proyectos y códigos\2. GitHub\MinijuegoTanque\main.cpp(948,117): warning C4305: 'argumento': truncamiento de 'double' a 'float'
C:\1. IAGO\0. Proyectos y códigos\2. GitHub\MinijuegoTanque\main.cpp(950,92): warning C4305: 'argumento': truncamiento de 'double' a 'float'
C:\1. IAGO\0. Proyectos y códigos\2. GitHub\MinijuegoTanque\main.cpp(954,17): warning C4305: 'argumento': truncamiento de 'double' a 'float'
C:\1. IAGO\0. Proyectos y códigos\2. GitHub\MinijuegoTanque\main.cpp(955,117): warning C4305: 'argumento': truncamiento de 'double' a 'float'
C:\1. IAGO\0. Proyectos y códigos\2. GitHub\MinijuegoTanque\main.cpp(957,92): warning C4305: 'argumento': truncamiento de 'double' a 'float'
C:\1. IAGO\0. Proyectos y códigos\2. GitHub\MinijuegoTanque\main.cpp(961,17): warning C4305: 'argumento': truncamiento de 'double' a 'float'
C:\1. IAGO\0. Proyectos y códigos\2. GitHub\MinijuegoTanque\main.cpp(1850,82): warning C4305: 'argumento': truncamiento de 'double' a 'float'
C:\1. IAGO\0. Proyectos y códigos\2. GitHub\MinijuegoTanque\main.cpp(1851,82): warning C4305: 'argumento': truncamiento de 'double' a 'float'
C:\1. IAGO\0. Proyectos y códigos\2. GitHub\MinijuegoTanque\main.cpp(1867,84): warning C4305: 'argumento': truncamiento de 'double' a 'float'
C:\1. IAGO\0. Proyectos y códigos\2. GitHub\MinijuegoTanque\main.cpp(1868,84): warning C4305: 'argumento': truncamiento de 'double' a 'float'
C:\1. IAGO\0. Proyectos y códigos\2. GitHub\MinijuegoTanque\main.cpp(1880,82): warning C4305: 'argumento': truncamiento de 'double' a 'float'
C:\1. IAGO\0. Proyectos y códigos\2. GitHub\MinijuegoTanque\main.cpp(1881,82): warning C4305: 'argumento': truncamiento de 'double' a 'float'
C:\1. IAGO\0. Proyectos y códigos\2. GitHub\MinijuegoTanque\main.cpp(1898,84): warning C4305: 'argumento': truncamiento de 'double' a 'float'
C:\1. IAGO\0. Proyectos y códigos\2. GitHub\MinijuegoTanque\main.cpp(1899,84): warning C4305: 'argumento': truncamiento de 'double' a 'float'
C:\1. IAGO\0. Proyectos y códigos\2. GitHub\MinijuegoTanque\main.cpp(1912,82): warning C4305: 'argumento': truncamiento de 'double' a 'float'
C:\1. IAGO\0. Proyectos y códigos\2. GitHub\MinijuegoTanque\main.cpp(1913,82): warning C4305: 'argumento': truncamiento de 'double' a 'float'
C:\1. IAGO\0. Proyectos y códigos\2. GitHub\MinijuegoTanque\main.cpp(1929,84): warning C4305: 'argumento': truncamiento de 'double' a 'float'
C:\1. IAGO\0. Proyectos y códigos\2. GitHub\MinijuegoTanque\main.cpp(1930,84): warning C4305: 'argumento': truncamiento de 'double' a 'float'
C:\1. IAGO\0. Proyectos y códigos\2. GitHub\MinijuegoTanque\main.cpp(1943,82): warning C4305: 'argumento': truncamiento de 'double' a 'float'
C:\1. IAGO\0. Proyectos y códigos\2. GitHub\MinijuegoTanque\main.cpp(1944,82): warning C4305: 'argumento': truncamiento de 'double' a 'float'
C:\1. IAGO\0. Proyectos y códigos\2. GitHub\MinijuegoTanque\main.cpp(1961,84): warning C4305: 'argumento': truncamiento de 'double' a 'float'
C:\1. IAGO\0. Proyectos y códigos\2. GitHub\MinijuegoTanque\main.cpp(1962,84): warning C4305: 'argumento': truncamiento de 'double' a 'float'
C:\1. IAGO\0. Proyectos y códigos\2. GitHub\MinijuegoTanque\main.cpp(1974,82): warning C4305: 'argumento': truncamiento de 'double' a 'float'
C:\1. IAGO\0. Proyectos y códigos\2. GitHub\MinijuegoTanque\main.cpp(1975,82): warning C4305: 'argumento': truncamiento de 'double' a 'float'
C:\1. IAGO\0. Proyectos y códigos\2. GitHub\MinijuegoTanque\main.cpp(1991,84): warning C4305: 'argumento': truncamiento de 'double' a 'float'
C:\1. IAGO\0. Proyectos y códigos\2. GitHub\MinijuegoTanque\main.cpp(1992,84): warning C4305: 'argumento': truncamiento de 'double' a 'float'
C:\1. IAGO\0. Proyectos y códigos\2. GitHub\MinijuegoTanque\main.cpp(2006,82): warning C4305: 'argumento': truncamiento de 'double' a 'float'
C:\1. IAGO\0. Proyectos y códigos\2. GitHub\MinijuegoTanque\main.cpp(2007,82): warning C4305: 'argumento': truncamiento de 'double' a 'float'
C:\1. IAGO\0. Proyectos y códigos\2. GitHub\MinijuegoTanque\main.cpp(2024,84): warning C4305: 'argumento': truncamiento de 'double' a 'float'
C:\1. IAGO\0. Proyectos y códigos\2. GitHub\MinijuegoTanque\main.cpp(2025,84): warning C4305: 'argumento': truncamiento de 'double' a 'float'
C:\1. IAGO\0. Proyectos y códigos\2. GitHub\MinijuegoTanque\main.cpp(2059,108): warning C4305: 'argumento': truncamiento de 'double' a 'float'
C:\1. IAGO\0. Proyectos y códigos\2. GitHub\MinijuegoTanque\main.cpp(2068,129): warning C4305: 'argumento': truncamiento de 'double' a 'float'
C:\1. IAGO\0. Proyectos y códigos\2. GitHub\MinijuegoTanque\main.cpp(2069,84): warning C4305: 'argumento': truncamiento de 'double' a 'float'
C:\1. IAGO\0. Proyectos y códigos\2. GitHub\MinijuegoTanque\main.cpp(2070,31): warning C4305: 'argumento': truncamiento de 'double' a 'float'
C:\1. IAGO\0. Proyectos y códigos\2. GitHub\MinijuegoTanque\main.cpp(2079,138): warning C4305: 'argumento': truncamiento de 'double' a 'float'
C:\1. IAGO\0. Proyectos y códigos\2. GitHub\MinijuegoTanque\main.cpp(2079,227): warning C4305: 'argumento': truncamiento de 'double' a 'float'
C:\1. IAGO\0. Proyectos y códigos\2. GitHub\MinijuegoTanque\main.cpp(2080,56): warning C4305: 'argumento': truncamiento de 'double' a 'float'
C:\1. IAGO\0. Proyectos y códigos\2. GitHub\MinijuegoTanque\main.cpp(2093,108): warning C4305: 'argumento': truncamiento de 'double' a 'float'
C:\1. IAGO\0. Proyectos y códigos\2. GitHub\MinijuegoTanque\main.cpp(2101,109): warning C4305: 'argumento': truncamiento de 'double' a 'float'
C:\1. IAGO\0. Proyectos y códigos\2. GitHub\MinijuegoTanque\main.cpp(2109,138): warning C4305: 'argumento': truncamiento de 'double' a 'float'
C:\1. IAGO\0. Proyectos y códigos\2. GitHub\MinijuegoTanque\main.cpp(2109,228): warning C4305: 'argumento': truncamiento de 'double' a 'float'
C:\1. IAGO\0. Proyectos y códigos\2. GitHub\MinijuegoTanque\main.cpp(2110,56): warning C4305: 'argumento': truncamiento de 'double' a 'float'
  MinijuegoTanque.vcxproj -> C:\1. IAGO\0. Proyectos y códigos\2. GitHub\MinijuegoTanque\Debug\MinijuegoTanque.exe
